Arguments: 
  /usr/local/bin/node /usr/local/bin/yarn add @oyster/common

PATH: 
  /usr/local/bin:/usr/bin:/bin:/usr/sbin:/sbin:/Users/abhasin/.local/share/solana/install/active_release/bin:/Library/Apple/usr/bin:/Users/abhasin/.cargo/bin

Yarn version: 
  1.22.18

Node version: 
  14.18.1

Platform: 
  darwin x64

Trace: 
  Error: https://registry.yarnpkg.com/@oyster%2fcommon: Not found
      at Request.params.callback [as _callback] (/usr/local/lib/node_modules/yarn/lib/cli.js:66138:18)
      at Request.self.callback (/usr/local/lib/node_modules/yarn/lib/cli.js:140883:22)
      at Request.emit (events.js:400:28)
      at Request.<anonymous> (/usr/local/lib/node_modules/yarn/lib/cli.js:141855:10)
      at Request.emit (events.js:400:28)
      at IncomingMessage.<anonymous> (/usr/local/lib/node_modules/yarn/lib/cli.js:141777:12)
      at Object.onceWrapper (events.js:519:28)
      at IncomingMessage.emit (events.js:412:35)
      at endReadableNT (internal/streams/readable.js:1334:12)
      at processTicksAndRejections (internal/process/task_queues.js:82:21)

npm manifest: 
  {
    "private": true,
    "name": "agora",
    "description": "NFTs for communities.",
    "license": "Prop (c) Agora",
    "scripts": {
      "build": "remix build",
      "dev": "./agora.sh && concurrently -n \"remix,gqgen\" -c \"green,magenta\" --kill-others \"remix dev\" \"npm:wcodegen\"",
      "postinstall": "remix setup node",
      "start": "remix-serve build",
      "test": "jest",
      "test-u": "jest -u",
      "codegen": "graphql-codegen --config codegen.yaml",
      "wcodegen": "graphql-codegen --config codegen.yaml --watch",
      "prebuild": "npm run codegen"
    },
    "dependencies": {
      "@aws-cdk/aws-apprunner": "^1.135.0",
      "@aws-cdk/aws-appsync": "^1.135.0",
      "@aws-cdk/aws-cognito": "^1.134.0",
      "@aws-cdk/aws-dynamodb": "^1.135.0",
      "@aws-cdk/aws-ecr-assets": "^1.135.0",
      "@aws-cdk/aws-lambda": "^1.134.0",
      "@aws-cdk/aws-lambda-nodejs": "^1.134.0",
      "@aws-sdk/client-cognito-identity-provider": "^3.43.0",
      "@aws-sdk/client-dynamodb": "^3.44.0",
      "@aws-sdk/lib-dynamodb": "^3.44.0",
      "@graphql-codegen/add": "^3.1.0",
      "@graphql-codegen/typescript": "^2.4.1",
      "@remix-run/react": "^1.0.6",
      "@remix-run/serve": "^1.0.6",
      "@stacks/network": "^3.0.0",
      "@stacks/transactions": "^3.0.0",
      "@stacks/wallet-sdk": "^3.0.0",
      "antd": "^4.19.3",
      "aws-cdk": "^1.134.0",
      "aws-jwt-verify": "^1.0.3",
      "concurrently": "^6.4.0",
      "graphql": "^15.7.2",
      "graphql-config": "^4.1.0",
      "graphql-request": "^3.6.1",
      "jwt-decode": "^3.1.2",
      "react": "^17.0.2",
      "react-dom": "^17.0.2",
      "remix": "^1.0.6",
      "uuid": "^8.3.2"
    },
    "devDependencies": {
      "@graphql-codegen/cli": "^1.9.0",
      "@graphql-codegen/introspection": "2.1.0",
      "@graphql-codegen/typescript": "2.4.1",
      "@graphql-codegen/typescript-document-nodes": "2.2.1",
      "@graphql-codegen/typescript-graphql-files-modules": "2.1.0",
      "@graphql-codegen/typescript-operations": "2.2.1",
      "@graphql-codegen/typescript-react-apollo": "3.2.2",
      "@remix-run/dev": "^1.0.6",
      "@types/react": "^17.0.24",
      "@types/react-dom": "^17.0.9",
      "@types/uuid": "^8.3.3",
      "@typescript-eslint/eslint-plugin": "^5.4.0",
      "@typescript-eslint/parser": "^5.4.0",
      "esbuild": "^0.14.1",
      "eslint": "^8.3.0",
      "eslint-plugin-react": "^7.27.1",
      "jest": "^27.3.1",
      "jest-puppeteer": "^6.0.2",
      "typescript": "^4.1.2"
    },
    "engines": {
      "node": ">=14"
    },
    "sideEffects": false
  }

yarn manifest: 
  No manifest

Lockfile: 
  No lockfile
